[2021-07-21T17:30:15.935] [DEBUG] cheese - login => username:admin,password:123456
[2021-07-21T17:30:15.937] [DEBUG] cheese - admin
[2021-07-21T17:30:15.979] [DEBUG] cheese - null
[2021-07-21T17:30:15.979] [DEBUG] cheese - null
[2021-07-21T17:59:26.669] [DEBUG] cheese - login => username:admin,password:123456
[2021-07-21T17:59:26.669] [DEBUG] cheese - admin
[2021-07-21T17:59:26.681] [DEBUG] cheese - null
[2021-07-21T17:59:26.681] [DEBUG] cheese - null
[2021-07-21T17:59:29.601] [DEBUG] cheese - login => username:admin,password:123456
[2021-07-21T17:59:29.601] [DEBUG] cheese - admin
[2021-07-21T17:59:29.603] [DEBUG] cheese - null
[2021-07-21T17:59:29.603] [DEBUG] cheese - null
[2021-07-21T18:12:31.432] [DEBUG] cheese - login => username:admin,password:123456
[2021-07-21T18:12:31.432] [DEBUG] cheese - admin
[2021-07-21T18:12:31.435] [DEBUG] cheese - null
[2021-07-21T18:12:31.435] [DEBUG] cheese - null
[2021-07-21T18:14:36.761] [DEBUG] cheese - login => username:admin,password:123456
[2021-07-21T18:14:36.761] [DEBUG] cheese - admin
[2021-07-21T18:14:36.771] [DEBUG] cheese - null
[2021-07-21T18:14:36.771] [DEBUG] cheese - null
[2021-07-21T18:16:17.723] [DEBUG] cheese - login => username:admin,password:123456
[2021-07-21T18:16:17.723] [DEBUG] cheese - admin
[2021-07-21T18:16:17.726] [DEBUG] cheese - null
[2021-07-21T18:16:17.726] [DEBUG] cheese - null
[2021-07-21T18:19:17.976] [DEBUG] cheese - login => username:admin,password:123456
[2021-07-21T18:19:17.976] [DEBUG] cheese - admin
[2021-07-21T18:19:17.985] [DEBUG] cheese - null
[2021-07-21T18:19:17.985] [DEBUG] cheese - null
[2021-07-21T18:23:35.450] [DEBUG] cheese - login => username:admin,password:123456
[2021-07-21T18:23:35.450] [DEBUG] cheese - admin
[2021-07-21T18:23:35.453] [DEBUG] cheese - null
[2021-07-21T18:23:35.453] [DEBUG] cheese - null
[2021-07-21T18:23:50.183] [DEBUG] cheese - login => username:admin,password:123456
[2021-07-21T18:23:50.183] [DEBUG] cheese - admin
[2021-07-21T18:23:50.192] [DEBUG] cheese - null
[2021-07-21T18:23:50.192] [DEBUG] cheese - null
[2021-07-22T10:06:08.677] [DEBUG] cheese - login => username:admin,password:123456
[2021-07-22T10:06:08.677] [DEBUG] cheese - admin
[2021-07-22T10:06:08.683] [DEBUG] cheese - null
[2021-07-22T10:06:08.683] [DEBUG] cheese - null
[2021-07-22T10:14:00.715] [DEBUG] cheese - login => username:admin,password:123456
[2021-07-22T10:14:00.715] [DEBUG] cheese - admin
[2021-07-22T10:14:00.718] [DEBUG] cheese - null
[2021-07-22T10:14:00.718] [DEBUG] cheese - null
[2021-07-22T10:15:53.397] [DEBUG] cheese - login => username:admin,password:123456
[2021-07-22T10:15:53.397] [DEBUG] cheese - admin
[2021-07-22T10:15:53.399] [DEBUG] cheese - null
[2021-07-22T10:15:53.400] [DEBUG] cheese - null
[2021-07-22T10:16:01.777] [DEBUG] cheese - login => username:admin,password:123456
[2021-07-22T10:16:01.777] [DEBUG] cheese - admin
[2021-07-22T10:16:01.789] [DEBUG] cheese - null
[2021-07-22T10:16:01.789] [DEBUG] cheese - null
[2021-07-22T10:16:10.162] [DEBUG] cheese - login => username:admin,password:123456
[2021-07-22T10:16:10.162] [DEBUG] cheese - admin
[2021-07-22T10:16:10.164] [DEBUG] cheese - null
[2021-07-22T10:16:10.164] [DEBUG] cheese - null
[2021-07-22T10:16:41.068] [DEBUG] cheese - login => username:admin,password:123456
[2021-07-22T10:16:41.069] [DEBUG] cheese - admin
[2021-07-22T10:16:41.075] [DEBUG] cheese - null
[2021-07-22T10:16:41.075] [DEBUG] cheese - null
[2021-07-22T10:18:10.567] [DEBUG] cheese - login => username:admin,password:123456
[2021-07-22T10:18:10.567] [DEBUG] cheese - admin
[2021-07-22T10:18:10.601] [DEBUG] cheese - null
[2021-07-22T10:18:10.601] [DEBUG] cheese - null
[2021-07-22T10:18:12.939] [DEBUG] cheese - login => username:admin,password:123456
[2021-07-22T10:18:12.939] [DEBUG] cheese - admin
[2021-07-22T10:18:12.974] [DEBUG] cheese - login => username:admin,password:123456
[2021-07-22T10:18:12.974] [DEBUG] cheese - admin
[2021-07-22T10:18:12.977] [DEBUG] cheese - null
[2021-07-22T10:18:12.977] [DEBUG] cheese - null
[2021-07-22T10:18:13.062] [DEBUG] cheese - null
[2021-07-22T10:18:13.062] [DEBUG] cheese - null
[2021-07-22T10:19:08.418] [DEBUG] cheese - login => username:admin,password:123456
[2021-07-22T10:19:08.418] [DEBUG] cheese - admin
[2021-07-22T10:19:08.422] [DEBUG] cheese - null
[2021-07-22T10:19:08.422] [DEBUG] cheese - null
[2021-07-22T10:19:08.510] [DEBUG] cheese - login => username:admin,password:123456
[2021-07-22T10:19:08.510] [DEBUG] cheese - admin
[2021-07-22T10:19:08.512] [DEBUG] cheese - null
[2021-07-22T10:19:08.512] [DEBUG] cheese - null
[2021-07-22T10:19:12.745] [DEBUG] cheese - login => username:admin,password:123456
[2021-07-22T10:19:12.745] [DEBUG] cheese - admin
[2021-07-22T10:19:12.747] [DEBUG] cheese - login => username:admin,password:123456
[2021-07-22T10:19:12.747] [DEBUG] cheese - admin
[2021-07-22T10:19:12.749] [DEBUG] cheese - null
[2021-07-22T10:19:12.750] [DEBUG] cheese - null
[2021-07-22T10:19:12.835] [DEBUG] cheese - null
[2021-07-22T10:19:12.835] [DEBUG] cheese - null
[2021-07-22T10:19:29.649] [DEBUG] cheese - login => username:admin,password:123456
[2021-07-22T10:19:29.649] [DEBUG] cheese - admin
[2021-07-22T10:19:29.653] [DEBUG] cheese - null
[2021-07-22T10:19:29.653] [DEBUG] cheese - null
[2021-07-22T10:19:37.036] [DEBUG] cheese - login => username:admin,password:123456
[2021-07-22T10:19:37.036] [DEBUG] cheese - admin
[2021-07-22T10:19:37.042] [DEBUG] cheese - null
[2021-07-22T10:19:37.042] [DEBUG] cheese - null
[2021-07-22T10:22:36.904] [DEBUG] cheese - login => username:admin,password:123456
[2021-07-22T10:22:36.904] [DEBUG] cheese - admin
[2021-07-22T10:22:36.909] [DEBUG] cheese - login => username:admin,password:123456
[2021-07-22T10:22:36.909] [DEBUG] cheese - admin
[2021-07-22T10:22:36.912] [DEBUG] cheese - null
[2021-07-22T10:22:36.912] [DEBUG] cheese - null
[2021-07-22T10:22:36.992] [DEBUG] cheese - null
[2021-07-22T10:22:36.992] [DEBUG] cheese - null
[2021-07-22T10:53:01.713] [DEBUG] cheese - login => username:admin,password:123456
[2021-07-22T10:53:01.713] [DEBUG] cheese - admin
[2021-07-22T10:53:01.716] [DEBUG] cheese - null
[2021-07-22T10:53:01.716] [DEBUG] cheese - null
[2021-07-22T10:53:25.524] [DEBUG] cheese - login => username:admin,password:123456
[2021-07-22T10:53:25.524] [DEBUG] cheese - admin
[2021-07-22T10:53:25.526] [DEBUG] cheese - null
[2021-07-22T10:53:25.526] [DEBUG] cheese - null
[2021-07-22T10:53:28.939] [DEBUG] cheese - login => username:admin,password:123456
[2021-07-22T10:53:28.939] [DEBUG] cheese - admin
[2021-07-22T10:53:28.942] [DEBUG] cheese - null
[2021-07-22T10:53:28.942] [DEBUG] cheese - null
[2021-07-22T10:59:05.879] [DEBUG] cheese - login => username:admin,password:123456
[2021-07-22T10:59:05.879] [DEBUG] cheese - admin
[2021-07-22T10:59:05.883] [DEBUG] cheese - null
[2021-07-22T10:59:05.884] [DEBUG] cheese - null
[2021-07-22T10:59:31.519] [DEBUG] cheese - login => username:admin,password:123456
[2021-07-22T10:59:31.519] [DEBUG] cheese - admin
[2021-07-22T10:59:31.528] [DEBUG] cheese - null
[2021-07-22T10:59:31.529] [DEBUG] cheese - null
[2021-07-22T10:59:40.163] [DEBUG] cheese - login => username:admin,password:123456
[2021-07-22T10:59:40.163] [DEBUG] cheese - admin
[2021-07-22T10:59:40.165] [DEBUG] cheese - null
[2021-07-22T10:59:40.165] [DEBUG] cheese - null
[2021-07-22T10:59:42.010] [DEBUG] cheese - login => username:admin,password:123456
[2021-07-22T10:59:42.010] [DEBUG] cheese - admin
[2021-07-22T10:59:42.026] [DEBUG] cheese - login => username:admin,password:123456
[2021-07-22T10:59:42.026] [DEBUG] cheese - admin
[2021-07-22T10:59:42.032] [DEBUG] cheese - null
[2021-07-22T10:59:42.032] [DEBUG] cheese - null
[2021-07-22T10:59:42.110] [DEBUG] cheese - null
[2021-07-22T10:59:42.110] [DEBUG] cheese - null
[2021-07-22T11:00:09.390] [DEBUG] cheese - login => username:admin,password:123456
[2021-07-22T11:00:09.390] [DEBUG] cheese - admin
[2021-07-22T11:00:09.392] [DEBUG] cheese - null
[2021-07-22T11:00:09.393] [DEBUG] cheese - null
[2021-07-22T11:01:01.693] [DEBUG] cheese - login => username:admin,password:123456
[2021-07-22T11:01:01.693] [DEBUG] cheese - admin
[2021-07-22T11:01:01.696] [DEBUG] cheese - null
[2021-07-22T11:01:01.696] [DEBUG] cheese - null
[2021-07-22T11:01:06.263] [DEBUG] cheese - login => username:admin,password:123456
[2021-07-22T11:01:06.263] [DEBUG] cheese - admin
[2021-07-22T11:01:06.271] [DEBUG] cheese - null
[2021-07-22T11:01:06.271] [DEBUG] cheese - null
[2021-07-22T11:01:22.690] [DEBUG] cheese - login => username:admin,password:123456
[2021-07-22T11:01:22.690] [DEBUG] cheese - admin
[2021-07-22T11:01:22.692] [DEBUG] cheese - null
[2021-07-22T11:01:22.692] [DEBUG] cheese - null
[2021-07-22T11:01:30.111] [DEBUG] cheese - login => username:admin,password:123456
[2021-07-22T11:01:30.111] [DEBUG] cheese - admin
[2021-07-22T11:01:30.114] [DEBUG] cheese - null
[2021-07-22T11:01:30.114] [DEBUG] cheese - null
[2021-07-22T11:02:22.543] [DEBUG] cheese - login => username:admin,password:123456
[2021-07-22T11:02:22.543] [DEBUG] cheese - admin
[2021-07-22T11:02:22.546] [DEBUG] cheese - null
[2021-07-22T11:02:22.546] [DEBUG] cheese - null
[2021-07-22T11:08:47.788] [DEBUG] cheese - login => username:admin,password:123456
[2021-07-22T11:08:47.788] [DEBUG] cheese - admin
[2021-07-22T11:08:47.791] [DEBUG] cheese - null
[2021-07-22T11:08:47.791] [DEBUG] cheese - null
[2021-07-22T11:11:43.199] [DEBUG] cheese - login => username:admin,password:123456
[2021-07-22T11:11:43.199] [DEBUG] cheese - admin
[2021-07-22T11:11:43.202] [DEBUG] cheese - null
[2021-07-22T11:11:43.202] [DEBUG] cheese - null
[2021-07-22T11:11:47.841] [DEBUG] cheese - login => username:admin,password:123456
[2021-07-22T11:11:47.841] [DEBUG] cheese - admin
[2021-07-22T11:11:47.843] [DEBUG] cheese - null
[2021-07-22T11:11:47.843] [DEBUG] cheese - null
[2021-07-22T11:13:17.181] [DEBUG] cheese - login => username:admin,password:123456
[2021-07-22T11:13:17.181] [DEBUG] cheese - admin
[2021-07-22T11:13:17.183] [DEBUG] cheese - null
[2021-07-22T11:13:17.183] [DEBUG] cheese - null
[2021-07-22T11:14:01.114] [DEBUG] cheese - login => username:admin,password:123456
[2021-07-22T11:14:01.114] [DEBUG] cheese - admin
[2021-07-22T11:14:01.116] [DEBUG] cheese - null
[2021-07-22T11:14:01.116] [DEBUG] cheese - null
[2021-07-22T11:15:00.070] [DEBUG] cheese - login => username:admin,password:123456
[2021-07-22T11:15:00.070] [DEBUG] cheese - admin
[2021-07-22T11:15:00.072] [DEBUG] cheese - null
[2021-07-22T11:15:00.072] [DEBUG] cheese - null
[2021-07-22T11:21:29.950] [DEBUG] cheese - login => username:admin,password:123456
[2021-07-22T11:21:29.950] [DEBUG] cheese - admin
[2021-07-22T11:21:29.952] [DEBUG] cheese - null
[2021-07-22T11:21:29.952] [DEBUG] cheese - null
[2021-07-22T11:21:30.923] [DEBUG] cheese - login => username:admin,password:123456
[2021-07-22T11:21:30.923] [DEBUG] cheese - admin
[2021-07-22T11:21:30.927] [DEBUG] cheese - null
[2021-07-22T11:21:30.927] [DEBUG] cheese - null
[2021-07-22T11:21:31.465] [DEBUG] cheese - login => username:admin,password:123456
[2021-07-22T11:21:31.465] [DEBUG] cheese - admin
[2021-07-22T11:21:31.467] [DEBUG] cheese - null
[2021-07-22T11:21:31.467] [DEBUG] cheese - null
[2021-07-22T11:22:29.960] [DEBUG] cheese - login => username:admin,password:123456
[2021-07-22T11:22:29.960] [DEBUG] cheese - admin
[2021-07-22T11:22:29.963] [DEBUG] cheese - null
[2021-07-22T11:22:29.963] [DEBUG] cheese - null
[2021-07-22T11:22:30.420] [DEBUG] cheese - login => username:admin,password:123456
[2021-07-22T11:22:30.420] [DEBUG] cheese - admin
[2021-07-22T11:22:30.422] [DEBUG] cheese - null
[2021-07-22T11:22:30.422] [DEBUG] cheese - null
[2021-07-22T11:22:30.884] [DEBUG] cheese - login => username:admin,password:123456
[2021-07-22T11:22:30.884] [DEBUG] cheese - admin
[2021-07-22T11:22:30.887] [DEBUG] cheese - null
[2021-07-22T11:22:30.887] [DEBUG] cheese - null
[2021-07-22T11:26:48.388] [DEBUG] cheese - login => username:admin,password:123456
[2021-07-22T11:26:48.388] [DEBUG] cheese - admin
[2021-07-22T11:26:48.391] [DEBUG] cheese - null
[2021-07-22T11:26:48.391] [DEBUG] cheese - null
[2021-07-22T11:26:54.317] [DEBUG] cheese - login => username:admin,password:123456
[2021-07-22T11:26:54.318] [DEBUG] cheese - admin
[2021-07-22T11:26:54.325] [DEBUG] cheese - null
[2021-07-22T11:26:54.325] [DEBUG] cheese - null
[2021-07-22T11:27:49.791] [DEBUG] cheese - login => username:admin,password:123456
[2021-07-22T11:27:49.792] [DEBUG] cheese - admin
[2021-07-22T11:27:49.794] [DEBUG] cheese - null
[2021-07-22T11:27:49.794] [DEBUG] cheese - null
[2021-07-22T11:27:53.545] [DEBUG] cheese - login => username:admin,password:123456
[2021-07-22T11:27:53.545] [DEBUG] cheese - admin
[2021-07-22T11:27:53.550] [DEBUG] cheese - null
[2021-07-22T11:27:53.550] [DEBUG] cheese - null
[2021-07-22T11:28:12.830] [DEBUG] cheese - login => username:admin,password:123456
[2021-07-22T11:28:12.830] [DEBUG] cheese - admin
[2021-07-22T11:28:12.832] [DEBUG] cheese - null
[2021-07-22T11:28:12.832] [DEBUG] cheese - null
[2021-07-22T11:28:15.675] [DEBUG] cheese - login => username:admin,password:123456
[2021-07-22T11:28:15.675] [DEBUG] cheese - admin
[2021-07-22T11:28:15.683] [DEBUG] cheese - null
[2021-07-22T11:28:15.683] [DEBUG] cheese - null
[2021-07-22T11:28:52.351] [DEBUG] cheese - login => username:admin,password:123456
[2021-07-22T11:28:52.351] [DEBUG] cheese - admin
[2021-07-22T11:28:52.353] [DEBUG] cheese - null
[2021-07-22T11:28:52.353] [DEBUG] cheese - null
[2021-07-22T11:28:55.026] [DEBUG] cheese - login => username:admin,password:123456
[2021-07-22T11:28:55.026] [DEBUG] cheese - admin
[2021-07-22T11:28:55.028] [DEBUG] cheese - null
[2021-07-22T11:28:55.028] [DEBUG] cheese - null
[2021-07-22T11:31:08.398] [DEBUG] cheese - login => username:admin,password:123456
[2021-07-22T11:31:08.399] [DEBUG] cheese - admin
[2021-07-22T11:31:08.401] [DEBUG] cheese - null
[2021-07-22T11:31:08.401] [DEBUG] cheese - null
[2021-07-22T11:32:53.448] [DEBUG] cheese - login => username:admin,password:123456
[2021-07-22T11:32:53.448] [DEBUG] cheese - admin
[2021-07-22T11:32:53.450] [DEBUG] cheese - null
[2021-07-22T11:32:53.450] [DEBUG] cheese - null
[2021-07-22T11:34:46.970] [DEBUG] cheese - login => username:admin,password:123456
[2021-07-22T11:34:46.970] [DEBUG] cheese - admin
[2021-07-22T11:34:46.973] [DEBUG] cheese - null
[2021-07-22T11:34:46.973] [DEBUG] cheese - null
[2021-07-22T11:40:23.176] [DEBUG] cheese - login => username:admin,password:123456
[2021-07-22T11:40:23.176] [DEBUG] cheese - admin
[2021-07-22T11:40:23.179] [DEBUG] cheese - null
[2021-07-22T11:40:23.179] [DEBUG] cheese - null
[2021-07-22T11:41:11.569] [DEBUG] cheese - login => username:admin,password:123456
[2021-07-22T11:41:11.569] [DEBUG] cheese - admin
[2021-07-22T11:41:11.571] [DEBUG] cheese - null
[2021-07-22T11:41:11.571] [DEBUG] cheese - null
[2021-07-22T11:41:57.194] [DEBUG] cheese - login => username:admin,password:123456
[2021-07-22T11:41:57.194] [DEBUG] cheese - admin
[2021-07-22T11:41:57.196] [DEBUG] cheese - null
[2021-07-22T11:41:57.196] [DEBUG] cheese - null
[2021-07-22T11:47:45.388] [DEBUG] cheese - login => username:admin,password:123456
[2021-07-22T11:47:45.388] [DEBUG] cheese - admin
[2021-07-22T11:47:45.390] [DEBUG] cheese - null
[2021-07-22T11:47:45.390] [DEBUG] cheese - null
[2021-07-22T11:47:46.003] [DEBUG] cheese - login => username:admin,password:123456
[2021-07-22T11:47:46.003] [DEBUG] cheese - admin
[2021-07-22T11:47:46.005] [DEBUG] cheese - null
[2021-07-22T11:47:46.005] [DEBUG] cheese - null
[2021-07-22T11:47:47.771] [DEBUG] cheese - login => username:admin,password:123456
[2021-07-22T11:47:47.771] [DEBUG] cheese - admin
[2021-07-22T11:47:47.781] [DEBUG] cheese - null
[2021-07-22T11:47:47.781] [DEBUG] cheese - null
[2021-07-22T11:50:58.754] [DEBUG] cheese - login => username:admin,password:123456
[2021-07-22T11:50:58.754] [DEBUG] cheese - admin
[2021-07-22T11:50:58.756] [DEBUG] cheese - null
[2021-07-22T11:50:58.756] [DEBUG] cheese - null
[2021-07-22T11:51:46.361] [DEBUG] cheese - login => username:admin,password:123456
[2021-07-22T11:51:46.361] [DEBUG] cheese - admin
[2021-07-22T11:51:46.364] [DEBUG] cheese - null
[2021-07-22T11:51:46.364] [DEBUG] cheese - null
[2021-07-22T11:51:46.851] [DEBUG] cheese - login => username:admin,password:123456
[2021-07-22T11:51:46.851] [DEBUG] cheese - admin
[2021-07-22T11:51:46.853] [DEBUG] cheese - null
[2021-07-22T11:51:46.853] [DEBUG] cheese - null
[2021-07-22T11:51:47.332] [DEBUG] cheese - login => username:admin,password:123456
[2021-07-22T11:51:47.332] [DEBUG] cheese - admin
[2021-07-22T11:51:47.334] [DEBUG] cheese - null
[2021-07-22T11:51:47.335] [DEBUG] cheese - null
[2021-07-22T11:55:49.110] [DEBUG] cheese - login => username:admin,password:123456
[2021-07-22T11:55:49.110] [DEBUG] cheese - admin
[2021-07-22T11:55:49.112] [DEBUG] cheese - null
[2021-07-22T11:55:49.112] [DEBUG] cheese - null
[2021-07-22T11:56:29.838] [DEBUG] cheese - login => username:admin,password:123456
[2021-07-22T11:56:29.839] [DEBUG] cheese - admin
[2021-07-22T11:56:29.841] [DEBUG] cheese - null
[2021-07-22T11:56:29.841] [DEBUG] cheese - null
[2021-07-22T11:59:58.313] [DEBUG] cheese - login => username:admin,password:123456
[2021-07-22T11:59:58.313] [DEBUG] cheese - admin
[2021-07-22T11:59:58.316] [DEBUG] cheese - null
[2021-07-22T11:59:58.316] [DEBUG] cheese - null
[2021-07-22T13:43:52.087] [DEBUG] cheese - login => username:admin,password:123456
[2021-07-22T13:43:52.088] [DEBUG] cheese - admin
[2021-07-22T13:43:52.117] [DEBUG] cheese - null
[2021-07-22T13:43:52.117] [DEBUG] cheese - null
[2021-07-22T13:44:06.655] [DEBUG] cheese - login => username:admin,password:123456
[2021-07-22T13:44:06.656] [DEBUG] cheese - admin
[2021-07-22T13:44:06.661] [DEBUG] cheese - null
[2021-07-22T13:44:06.661] [DEBUG] cheese - null
[2021-07-22T13:44:07.350] [DEBUG] cheese - login => username:admin,password:123456
[2021-07-22T13:44:07.350] [DEBUG] cheese - admin
[2021-07-22T13:44:07.353] [DEBUG] cheese - null
[2021-07-22T13:44:07.353] [DEBUG] cheese - null
[2021-07-22T13:44:44.307] [DEBUG] cheese - login => username:admin,password:123456
[2021-07-22T13:44:44.307] [DEBUG] cheese - admin
[2021-07-22T13:44:44.309] [DEBUG] cheese - null
[2021-07-22T13:44:44.310] [DEBUG] cheese - null
[2021-07-22T13:45:30.456] [DEBUG] cheese - login => username:admin,password:123456
[2021-07-22T13:45:30.456] [DEBUG] cheese - admin
[2021-07-22T13:45:30.459] [DEBUG] cheese - null
[2021-07-22T13:45:30.459] [DEBUG] cheese - null
[2021-07-22T13:51:15.392] [DEBUG] cheese - login => username:admin,password:123456
[2021-07-22T13:51:15.392] [DEBUG] cheese - admin
[2021-07-22T13:51:15.397] [DEBUG] cheese - null
[2021-07-22T13:51:15.397] [DEBUG] cheese - null
[2021-07-22T13:51:24.920] [DEBUG] cheese - login => username:admin,password:123456
[2021-07-22T13:51:24.920] [DEBUG] cheese - admin
[2021-07-22T13:51:24.923] [DEBUG] cheese - null
[2021-07-22T13:51:24.923] [DEBUG] cheese - null
[2021-07-22T13:51:36.475] [DEBUG] cheese - login => username:admin,password:123456
[2021-07-22T13:51:36.475] [DEBUG] cheese - admin
[2021-07-22T13:51:36.484] [DEBUG] cheese - null
[2021-07-22T13:51:36.484] [DEBUG] cheese - null
[2021-07-22T13:53:51.199] [DEBUG] cheese - login => username:admin,password:123456
[2021-07-22T13:53:51.199] [DEBUG] cheese - admin
[2021-07-22T13:53:51.202] [DEBUG] cheese - null
[2021-07-22T13:53:51.202] [DEBUG] cheese - null
[2021-07-22T13:54:26.975] [DEBUG] cheese - login => username:admin,password:123456
[2021-07-22T13:54:26.975] [DEBUG] cheese - admin
[2021-07-22T13:54:26.977] [DEBUG] cheese - null
[2021-07-22T13:54:26.977] [DEBUG] cheese - null
[2021-07-22T13:54:27.442] [DEBUG] cheese - login => username:admin,password:123456
[2021-07-22T13:54:27.442] [DEBUG] cheese - admin
[2021-07-22T13:54:27.444] [DEBUG] cheese - null
[2021-07-22T13:54:27.445] [DEBUG] cheese - null
[2021-07-22T13:54:37.251] [DEBUG] cheese - login => username:admin,password:123456
[2021-07-22T13:54:37.251] [DEBUG] cheese - admin
[2021-07-22T13:54:37.253] [DEBUG] cheese - null
[2021-07-22T13:54:37.254] [DEBUG] cheese - null
[2021-07-22T13:55:25.254] [DEBUG] cheese - login => username:admin,password:123456
[2021-07-22T13:55:25.254] [DEBUG] cheese - admin
[2021-07-22T13:55:25.256] [DEBUG] cheese - null
[2021-07-22T13:55:25.257] [DEBUG] cheese - null
[2021-07-22T13:57:29.050] [DEBUG] cheese - login => username:admin,password:123456
[2021-07-22T13:57:29.050] [DEBUG] cheese - admin
[2021-07-22T13:57:29.052] [DEBUG] cheese - null
[2021-07-22T13:57:29.053] [DEBUG] cheese - null
[2021-07-22T13:57:29.528] [DEBUG] cheese - login => username:admin,password:123456
[2021-07-22T13:57:29.528] [DEBUG] cheese - admin
[2021-07-22T13:57:29.531] [DEBUG] cheese - null
[2021-07-22T13:57:29.531] [DEBUG] cheese - null
[2021-07-22T13:58:17.909] [DEBUG] cheese - login => username:admin,password:123456
[2021-07-22T13:58:17.909] [DEBUG] cheese - admin
[2021-07-22T13:58:17.912] [DEBUG] cheese - null
[2021-07-22T13:58:17.912] [DEBUG] cheese - null
[2021-07-22T14:02:09.465] [DEBUG] cheese - login => username:admin,password:123456
[2021-07-22T14:02:09.465] [DEBUG] cheese - admin
[2021-07-22T14:02:09.468] [DEBUG] cheese - null
[2021-07-22T14:02:09.468] [DEBUG] cheese - null
[2021-07-22T14:03:49.947] [DEBUG] cheese - login => username:admin,password:123456
[2021-07-22T14:03:49.947] [DEBUG] cheese - admin
[2021-07-22T14:03:49.949] [DEBUG] cheese - null
[2021-07-22T14:03:49.949] [DEBUG] cheese - null
[2021-07-22T14:03:56.625] [DEBUG] cheese - login => username:admin,password:123456
[2021-07-22T14:03:56.625] [DEBUG] cheese - admin
[2021-07-22T14:03:56.627] [DEBUG] cheese - null
[2021-07-22T14:03:56.628] [DEBUG] cheese - null
[2021-07-22T14:06:10.272] [DEBUG] cheese - login => username:admin,password:123456
[2021-07-22T14:06:10.272] [DEBUG] cheese - admin
[2021-07-22T14:06:10.277] [DEBUG] cheese - null
[2021-07-22T14:06:10.277] [DEBUG] cheese - null
[2021-07-22T14:06:14.938] [DEBUG] cheese - login => username:admin,password:123456
[2021-07-22T14:06:14.938] [DEBUG] cheese - admin
[2021-07-22T14:06:14.940] [DEBUG] cheese - null
[2021-07-22T14:06:14.940] [DEBUG] cheese - null
[2021-07-22T14:10:44.002] [DEBUG] cheese - login => username:admin,password:123456
[2021-07-22T14:10:44.003] [DEBUG] cheese - admin
[2021-07-22T14:10:44.005] [DEBUG] cheese - null
[2021-07-22T14:10:44.005] [DEBUG] cheese - null
[2021-07-22T14:14:32.202] [DEBUG] cheese - login => username:admin,password:123456
[2021-07-22T14:14:32.202] [DEBUG] cheese - admin
[2021-07-22T14:14:32.207] [DEBUG] cheese - null
[2021-07-22T14:14:32.207] [DEBUG] cheese - null
[2021-07-22T14:14:32.297] [DEBUG] cheese - login => username:admin,password:123456
[2021-07-22T14:14:32.297] [DEBUG] cheese - admin
[2021-07-22T14:14:32.298] [DEBUG] cheese - login => username:admin,password:123456
[2021-07-22T14:14:32.298] [DEBUG] cheese - admin
[2021-07-22T14:14:32.301] [DEBUG] cheese - null
[2021-07-22T14:14:32.301] [DEBUG] cheese - null
[2021-07-22T14:14:32.381] [DEBUG] cheese - null
[2021-07-22T14:14:32.381] [DEBUG] cheese - null
[2021-07-22T14:14:48.308] [DEBUG] cheese - login => username:admin,password:123456
[2021-07-22T14:14:48.308] [DEBUG] cheese - admin
[2021-07-22T14:14:48.314] [DEBUG] cheese - null
[2021-07-22T14:14:48.314] [DEBUG] cheese - null
[2021-07-22T14:16:21.568] [DEBUG] cheese - login => username:admin,password:123456
[2021-07-22T14:16:21.569] [DEBUG] cheese - admin
[2021-07-22T14:16:21.574] [DEBUG] cheese - null
[2021-07-22T14:16:21.574] [DEBUG] cheese - null
[2021-07-22T14:21:18.029] [DEBUG] cheese - login => username:admin,password:123456
[2021-07-22T14:21:18.029] [DEBUG] cheese - admin
[2021-07-22T14:21:18.031] [DEBUG] cheese - null
[2021-07-22T14:21:18.031] [DEBUG] cheese - null
[2021-07-22T14:25:47.127] [DEBUG] cheese - login => username:admin,password:123456
[2021-07-22T14:25:47.127] [DEBUG] cheese - admin
[2021-07-22T14:25:47.130] [DEBUG] cheese - null
[2021-07-22T14:25:47.130] [DEBUG] cheese - null
[2021-07-22T14:26:30.994] [DEBUG] cheese - login => username:admin,password:123456
[2021-07-22T14:26:30.994] [DEBUG] cheese - admin
[2021-07-22T14:26:30.996] [DEBUG] cheese - null
[2021-07-22T14:26:30.996] [DEBUG] cheese - null
[2021-07-22T14:26:50.382] [DEBUG] cheese - login => username:admin,password:12456
[2021-07-22T14:26:50.382] [DEBUG] cheese - admin
[2021-07-22T14:26:50.385] [DEBUG] cheese - null
[2021-07-22T14:26:50.385] [DEBUG] cheese - null
[2021-07-22T14:27:46.841] [DEBUG] cheese - login => username:admin,password:123456
[2021-07-22T14:27:46.841] [DEBUG] cheese - admin
[2021-07-22T14:27:46.843] [DEBUG] cheese - null
[2021-07-22T14:27:46.843] [DEBUG] cheese - null
[2021-07-22T14:33:00.429] [DEBUG] cheese - login => username:admin,password:123456
[2021-07-22T14:33:00.429] [DEBUG] cheese - admin
[2021-07-22T14:33:00.436] [DEBUG] cheese - null
[2021-07-22T14:33:00.436] [DEBUG] cheese - null
[2021-07-22T14:33:28.511] [DEBUG] cheese - login => username:admin,password:123456
[2021-07-22T14:33:28.511] [DEBUG] cheese - admin
[2021-07-22T14:33:28.513] [DEBUG] cheese - null
[2021-07-22T14:33:28.513] [DEBUG] cheese - null
[2021-07-22T14:58:13.578] [DEBUG] cheese - login => username:admin,password:123456
[2021-07-22T14:58:13.579] [DEBUG] cheese - admin
[2021-07-22T14:58:13.582] [DEBUG] cheese - null
[2021-07-22T14:58:13.582] [DEBUG] cheese - null
[2021-07-22T14:59:40.031] [DEBUG] cheese - login => username:admin,password:123456
[2021-07-22T14:59:40.031] [DEBUG] cheese - admin
[2021-07-22T14:59:40.033] [DEBUG] cheese - null
[2021-07-22T14:59:40.033] [DEBUG] cheese - null
[2021-07-22T15:00:24.154] [DEBUG] cheese - login => username:ad,password:123456
[2021-07-22T15:00:24.154] [DEBUG] cheese - ad
[2021-07-22T15:00:24.156] [DEBUG] cheese - null
[2021-07-22T15:00:24.156] [DEBUG] cheese - null
[2021-07-22T15:00:48.528] [DEBUG] cheese - login => username:ad,password:123456
[2021-07-22T15:00:48.528] [DEBUG] cheese - ad
[2021-07-22T15:00:48.529] [DEBUG] cheese - null
[2021-07-22T15:00:48.529] [DEBUG] cheese - null
[2021-07-22T15:01:30.992] [DEBUG] cheese - login => username:ad,password:123456
[2021-07-22T15:01:30.992] [DEBUG] cheese - ad
[2021-07-22T15:01:30.994] [DEBUG] cheese - null
[2021-07-22T15:01:30.994] [DEBUG] cheese - null
[2021-07-22T15:01:45.886] [DEBUG] cheese - login => username:ad,password:132465
[2021-07-22T15:01:45.886] [DEBUG] cheese - ad
[2021-07-22T15:01:45.888] [DEBUG] cheese - null
[2021-07-22T15:01:45.888] [DEBUG] cheese - null
[2021-07-22T15:01:55.743] [DEBUG] cheese - login => username:admin,password:132465
[2021-07-22T15:01:55.743] [DEBUG] cheese - admin
[2021-07-22T15:01:55.746] [DEBUG] cheese - null
[2021-07-22T15:01:55.746] [DEBUG] cheese - null
[2021-07-22T15:02:01.486] [DEBUG] cheese - login => username:admin,password:123456
[2021-07-22T15:02:01.486] [DEBUG] cheese - admin
[2021-07-22T15:02:01.487] [DEBUG] cheese - null
[2021-07-22T15:02:01.487] [DEBUG] cheese - null
[2021-07-22T15:47:55.596] [DEBUG] cheese - login => username:admin,password:123456
[2021-07-22T15:47:55.596] [DEBUG] cheese - admin
[2021-07-22T15:47:55.599] [DEBUG] cheese - null
[2021-07-22T15:47:55.599] [DEBUG] cheese - null
[2021-07-22T15:48:19.104] [DEBUG] cheese - login => username:admin,password:123456
[2021-07-22T15:48:19.104] [DEBUG] cheese - admin
[2021-07-22T15:48:19.106] [DEBUG] cheese - null
[2021-07-22T15:48:19.106] [DEBUG] cheese - null
[2021-07-22T15:52:49.473] [DEBUG] cheese - login => username:admin,password:123456
[2021-07-22T15:52:49.473] [DEBUG] cheese - admin
[2021-07-22T15:52:49.488] [DEBUG] cheese - null
[2021-07-22T15:52:49.488] [DEBUG] cheese - null
[2021-07-22T15:52:57.623] [DEBUG] cheese - login => username:admin,password:123456
[2021-07-22T15:52:57.623] [DEBUG] cheese - admin
[2021-07-22T15:52:57.625] [DEBUG] cheese - null
[2021-07-22T15:52:57.625] [DEBUG] cheese - null
[2021-07-22T17:30:17.137] [DEBUG] cheese - login => username:admin,password:123456
[2021-07-22T17:30:17.137] [DEBUG] cheese - admin
[2021-07-22T17:30:17.138] [DEBUG] cheese - null
[2021-07-22T17:30:17.138] [DEBUG] cheese - null
[2021-07-23T11:22:00.129] [DEBUG] cheese - login => username:admin,password:123456
[2021-07-23T11:22:00.129] [DEBUG] cheese - admin
[2021-07-23T11:22:00.133] [DEBUG] cheese - null
[2021-07-23T11:22:00.133] [DEBUG] cheese - null
[2021-07-23T13:55:25.202] [DEBUG] cheese - login => username:admin,password:123456
[2021-07-23T13:55:25.203] [DEBUG] cheese - admin
[2021-07-23T13:55:25.224] [DEBUG] cheese - null
[2021-07-23T13:55:25.225] [DEBUG] cheese - null
[2021-07-23T16:22:20.638] [DEBUG] cheese - login => username:admin,password:123456
[2021-07-23T16:22:20.639] [DEBUG] cheese - admin
[2021-07-23T16:22:20.642] [DEBUG] cheese - null
[2021-07-23T16:22:20.643] [DEBUG] cheese - null
[2021-07-26T17:39:01.779] [DEBUG] cheese - login => username:admin,password:123456
[2021-07-26T17:39:01.781] [DEBUG] cheese - admin
[2021-07-26T17:39:01.852] [DEBUG] cheese - null
[2021-07-26T17:39:01.852] [DEBUG] cheese - null
[2021-07-27T15:28:55.858] [DEBUG] cheese - login => username:admin,password:123456
[2021-07-27T15:28:55.860] [DEBUG] cheese - admin
[2021-07-27T15:28:55.924] [DEBUG] cheese - null
[2021-07-27T15:28:55.924] [DEBUG] cheese - null
[2021-07-27T16:52:11.526] [DEBUG] cheese - login => username:admin,password:123456
[2021-07-27T16:52:11.526] [DEBUG] cheese - admin
[2021-07-27T16:52:11.529] [DEBUG] cheese - null
[2021-07-27T16:52:11.529] [DEBUG] cheese - null
[2021-07-28T15:14:24.142] [DEBUG] cheese - login => username:左耳,password:084438
[2021-07-28T15:14:24.157] [DEBUG] cheese - 左耳
[2021-07-28T15:14:24.159] [DEBUG] cheese - null
[2021-07-28T15:14:24.160] [DEBUG] cheese - null
[2021-07-28T15:14:46.340] [DEBUG] cheese - login => username:admin,password:123456
[2021-07-28T15:14:46.340] [DEBUG] cheese - admin
[2021-07-28T15:14:46.343] [DEBUG] cheese - null
[2021-07-28T15:14:46.343] [DEBUG] cheese - null
[2021-07-28T15:15:21.872] [DEBUG] cheese - login => username:左耳,password:084438
[2021-07-28T15:15:21.872] [DEBUG] cheese - 左耳
[2021-07-28T15:15:21.874] [DEBUG] cheese - null
[2021-07-28T15:15:21.874] [DEBUG] cheese - null
[2021-07-28T15:15:52.932] [DEBUG] cheese - login => username:admin,password:123456
[2021-07-28T15:15:52.932] [DEBUG] cheese - admin
[2021-07-28T15:15:52.935] [DEBUG] cheese - null
[2021-07-28T15:15:52.935] [DEBUG] cheese - null
[2021-07-30T18:07:16.915] [DEBUG] cheese - login => username:admin,password:123456
[2021-07-30T18:07:16.917] [DEBUG] cheese - admin
[2021-07-30T18:07:16.962] [DEBUG] cheese - null
[2021-07-30T18:07:16.963] [DEBUG] cheese - null
[2021-08-02T09:36:32.097] [DEBUG] cheese - login => username:admin,password:123456
[2021-08-02T09:36:32.098] [DEBUG] cheese - admin
[2021-08-02T09:36:32.144] [DEBUG] cheese - null
[2021-08-02T09:36:32.145] [DEBUG] cheese - null
[2021-08-03T09:54:08.104] [DEBUG] cheese - login => username:admin,password:123456
[2021-08-03T09:54:08.104] [DEBUG] cheese - admin
[2021-08-03T09:54:08.148] [DEBUG] cheese - null
[2021-08-03T09:54:08.148] [DEBUG] cheese - null
[2021-08-03T11:38:17.198] [DEBUG] cheese - login => username:admin,password:123456
[2021-08-03T11:38:17.200] [DEBUG] cheese - admin
[2021-08-03T11:38:17.204] [DEBUG] cheese - null
[2021-08-03T11:38:17.204] [DEBUG] cheese - null
[2021-08-04T15:21:47.449] [DEBUG] cheese - login => username:admin,password:123456
[2021-08-04T15:21:47.451] [DEBUG] cheese - admin
[2021-08-04T15:21:47.461] [DEBUG] cheese - null
[2021-08-04T15:21:47.461] [DEBUG] cheese - null
[2021-08-05T13:51:38.808] [DEBUG] cheese - login => username:admin,password:123456
[2021-08-05T13:51:38.810] [DEBUG] cheese - admin
[2021-08-05T13:51:38.820] [DEBUG] cheese - null
[2021-08-05T13:51:38.820] [DEBUG] cheese - null
[2021-08-06T10:09:09.916] [DEBUG] cheese - login => username:admin,password:123456
[2021-08-06T10:09:09.916] [DEBUG] cheese - admin
[2021-08-06T10:09:09.919] [DEBUG] cheese - null
[2021-08-06T10:09:09.920] [DEBUG] cheese - null
[2021-08-06T11:11:28.237] [DEBUG] cheese - login => username:admin,password:123456
[2021-08-06T11:11:28.237] [DEBUG] cheese - admin
[2021-08-06T11:11:28.240] [DEBUG] cheese - null
[2021-08-06T11:11:28.240] [DEBUG] cheese - null
[2021-08-06T11:48:12.588] [DEBUG] cheese - login => username:admin,password:123456
[2021-08-06T11:48:12.589] [DEBUG] cheese - admin
[2021-08-06T11:48:12.591] [DEBUG] cheese - null
[2021-08-06T11:48:12.591] [DEBUG] cheese - null
[2021-08-06T15:57:15.426] [DEBUG] cheese - login => username:admin,password:123456
[2021-08-06T15:57:15.428] [DEBUG] cheese - admin
[2021-08-06T15:57:15.437] [DEBUG] cheese - null
[2021-08-06T15:57:15.438] [DEBUG] cheese - null
[2021-08-06T17:24:22.585] [DEBUG] cheese - login => username:admin,password:123456
[2021-08-06T17:24:22.585] [DEBUG] cheese - admin
[2021-08-06T17:24:22.588] [DEBUG] cheese - null
[2021-08-06T17:24:22.589] [DEBUG] cheese - null
[2021-08-09T09:54:38.659] [DEBUG] cheese - login => username:admin,password:123456
[2021-08-09T09:54:38.659] [DEBUG] cheese - admin
[2021-08-09T09:54:38.697] [DEBUG] cheese - null
[2021-08-09T09:54:38.697] [DEBUG] cheese - null
[2021-08-09T14:14:30.024] [DEBUG] cheese - null
[2021-08-09T14:18:16.681] [DEBUG] cheese - null
[2021-08-09T14:21:32.413] [DEBUG] cheese - null
[2021-08-09T14:22:47.842] [DEBUG] cheese - null
[2021-08-09T15:43:47.083] [DEBUG] cheese - null
[2021-08-09T15:49:45.625] [DEBUG] cheese - null
[2021-08-09T15:50:28.804] [DEBUG] cheese - null
[2021-08-09T15:50:51.141] [DEBUG] cheese - null
[2021-08-09T15:51:28.070] [DEBUG] cheese - null
[2021-08-10T10:00:38.890] [DEBUG] cheese - login => username:admin,password:123456
[2021-08-10T10:00:38.892] [DEBUG] cheese - admin
[2021-08-10T10:00:38.901] [DEBUG] cheese - null
[2021-08-10T10:00:38.902] [DEBUG] cheese - null
[2021-08-11T10:20:21.240] [DEBUG] cheese - login => username:admin,password:123456
[2021-08-11T10:20:21.254] [DEBUG] cheese - admin
[2021-08-11T10:20:21.274] [DEBUG] cheese - null
[2021-08-11T10:20:21.274] [DEBUG] cheese - null
[2021-08-11T11:45:08.840] [DEBUG] cheese - login => username:admin,password:123456
[2021-08-11T11:45:08.841] [DEBUG] cheese - admin
[2021-08-11T11:45:08.850] [DEBUG] cheese - null
[2021-08-11T11:45:08.850] [DEBUG] cheese - null
[2021-08-11T13:56:20.227] [DEBUG] cheese - login => username:admin,password:12345
[2021-08-11T13:56:20.227] [DEBUG] cheese - admin
[2021-08-11T13:56:20.230] [DEBUG] cheese - null
[2021-08-11T13:56:20.230] [DEBUG] cheese - null
[2021-08-11T13:56:26.356] [DEBUG] cheese - login => username:admin,password:123456
[2021-08-11T13:56:26.356] [DEBUG] cheese - admin
[2021-08-11T13:56:26.359] [DEBUG] cheese - null
[2021-08-11T13:56:26.359] [DEBUG] cheese - null
